<?xml version="1.0" encoding="UTF-8"?>
<!-- Generated by org.testng.reporters.JUnitReportReporter -->
<testsuite hostname="CWT-LPT-193" failures="0" tests="2" name="ex_220624.CRUD.POST.Lab074" time="2.346" errors="0" timestamp="25 Jun 2024 09:54:59 GMT" skipped="0">
  <testcase classname="ex_220624.CRUD.POST.Lab074" name="postRequestNonBDDNegative" time="1.171"/>
  <testcase classname="ex_220624.CRUD.POST.Lab074" name="postRequestNonBDDPositive" time="1.175"/>
</testsuite> <!-- ex_220624.CRUD.POST.Lab074 -->
