<?xml version="1.0" encoding="UTF-8"?>
<!-- Generated by org.testng.reporters.JUnitReportReporter -->
<testsuite hostname="CWT-LPT-193" failures="0" tests="1" name="ex_220624.CRUD.POST.Lab073" time="2.325" errors="0" timestamp="25 Jun 2024 09:54:59 GMT" skipped="0">
  <testcase classname="ex_220624.CRUD.POST.Lab073" name="postRequestBDDPositive" time="2.325"/>
</testsuite> <!-- ex_220624.CRUD.POST.Lab073 -->
