<?xml version="1.0" encoding="UTF-8"?>
<!-- Generated by org.testng.reporters.JUnitReportReporter -->
<testsuite hostname="CWT-LPT-193" failures="0" tests="3" name="ATB6xLearningRestAssured.com.ttaa.testng.Lab068" time="0.010" errors="0" timestamp="23 Jun 2024 15:00:33 GMT" skipped="0">
  <testcase classname="ATB6xLearningRestAssured.com.ttaa.testng.Lab068" name="getRequest3" time="0.003"/>
  <testcase classname="ATB6xLearningRestAssured.com.ttaa.testng.Lab068" name="getRequest" time="0.003"/>
  <testcase classname="ATB6xLearningRestAssured.com.ttaa.testng.Lab068" name="getRequest2" time="0.004"/>
</testsuite> <!-- ATB6xLearningRestAssured.com.ttaa.testng.Lab068 -->
