<?xml version="1.0" encoding="UTF-8"?>
<!-- Generated by org.testng.reporters.JUnitReportReporter -->
<testsuite hostname="CWT-LPT-193" failures="0" tests="2" name="ex_220624.CRUD.GET.NonBDDStyle.Lab072" time="3.403" errors="0" timestamp="24 Jun 2024 08:02:07 GMT" skipped="0">
  <testcase classname="ex_220624.CRUD.GET.NonBDDStyle.Lab072" name="getRequestNegative" time="2.255"/>
  <testcase classname="ex_220624.CRUD.GET.NonBDDStyle.Lab072" name="getRequestPositive" time="1.148"/>
</testsuite> <!-- ex_220624.CRUD.GET.NonBDDStyle.Lab072 -->
