<?xml version="1.0" encoding="UTF-8"?>
<!-- Generated by org.testng.reporters.JUnitReportReporter -->
<testsuite hostname="CWT-LPT-193" failures="0" tests="1" name="ex_250624.RA_MISC.Lab082" time="0.045" errors="0" timestamp="28 Jun 2024 13:56:48 GMT" skipped="0">
  <testcase classname="ex_250624.RA_MISC.Lab082" name="getAToken" time="0.045"/>
</testsuite> <!-- ex_250624.RA_MISC.Lab082 -->
