<?xml version="1.0" encoding="UTF-8"?>
<!-- Generated by org.testng.reporters.JUnitReportReporter -->
<testsuite hostname="CWT-LPT-193" failures="0" tests="1" name="ex_220621.FULL.CRUD.Lab078" time="1.097" errors="0" timestamp="27 Jun 2024 08:03:21 GMT" skipped="0">
  <testcase classname="ex_220621.FULL.CRUD.Lab078" name="testPutRequestPositive" time="1.097"/>
</testsuite> <!-- ex_220621.FULL.CRUD.Lab078 -->
