<?xml version="1.0" encoding="UTF-8"?>
<!-- Generated by org.testng.reporters.JUnitReportReporter -->
<testsuite hostname="CWT-LPT-193" failures="0" tests="2" name="ATB6xLearningRestAssured.com.ttaa.testng.Lab067" time="3.827" errors="0" timestamp="23 Jun 2024 15:00:33 GMT" skipped="0">
  <testcase classname="ATB6xLearningRestAssured.com.ttaa.testng.Lab067" name="getRequestSample1" time="2.480"/>
  <testcase classname="ATB6xLearningRestAssured.com.ttaa.testng.Lab067" name="getRequestSample2" time="1.347"/>
</testsuite> <!-- ATB6xLearningRestAssured.com.ttaa.testng.Lab067 -->
