<?xml version="1.0" encoding="UTF-8"?>
<!-- Generated by org.testng.reporters.JUnitReportReporter -->
<testsuite hostname="CWT-LPT-193" failures="0" tests="4" name="ex_250624.RA_MISC.Lab079" time="0.068" errors="0" timestamp="27 Jun 2024 09:44:09 GMT" skipped="0">
  <testcase classname="ex_250624.RA_MISC.Lab079" name="testMethodWithNegative" time="0.058"/>
  <testcase classname="ex_250624.RA_MISC.Lab079" name="testMethodZero" time="0.003"/>
  <testcase classname="ex_250624.RA_MISC.Lab079" name="testMethodOne" time="0.004"/>
  <testcase classname="ex_250624.RA_MISC.Lab079" name="testMethodTwo" time="0.003"/>
</testsuite> <!-- ex_250624.RA_MISC.Lab079 -->
