<?xml version="1.0" encoding="UTF-8"?>
<!-- Generated by org.testng.reporters.JUnitReportReporter -->
<testsuite hostname="CWT-LPT-193" failures="0" tests="1" name="ex_250624.RA_MISC.Lab083" time="0.048" errors="0" timestamp="29 Jun 2024 11:14:49 GMT" skipped="0">
  <testcase classname="ex_250624.RA_MISC.Lab083" name="testDemo" time="0.048"/>
</testsuite> <!-- ex_250624.RA_MISC.Lab083 -->
