<?xml version="1.0" encoding="UTF-8"?>
<!-- Generated by org.testng.reporters.JUnitReportReporter -->
<testsuite hostname="CWT-LPT-193" failures="0" tests="4" name="ex_250624.RA_MISC.Lab080" time="0.067" errors="0" timestamp="27 Jun 2024 10:16:29 GMT" skipped="0">
  <testcase classname="ex_250624.RA_MISC.Lab080" name="regressionRun" time="0.003"/>
  <testcase classname="ex_250624.RA_MISC.Lab080" name="smokeRun" time="0.002"/>
  <testcase classname="ex_250624.RA_MISC.Lab080" name="sanityRun" time="0.005"/>
  <testcase classname="ex_250624.RA_MISC.Lab080" name="prodRun" time="0.057"/>
</testsuite> <!-- ex_250624.RA_MISC.Lab080 -->
