<?xml version="1.0" encoding="UTF-8"?>
<!-- Generated by org.testng.reporters.JUnitReportReporter -->
<testsuite hostname="CWT-LPT-193" failures="0" tests="1" name="ex_220624.CRUD.PUT.Lab075" time="1.476" errors="0" timestamp="25 Jun 2024 07:53:36 GMT" skipped="0">
  <testcase classname="ex_220624.CRUD.PUT.Lab075" name="testPutRequestNonBDD" time="1.476"/>
</testsuite> <!-- ex_220624.CRUD.PUT.Lab075 -->
