<?xml version="1.0" encoding="UTF-8"?>
<!-- Generated by org.testng.reporters.JUnitReportReporter -->
<testsuite hostname="CWT-LPT-193" failures="0" tests="4" name="ex_250624.RA_MISC.Lab081" time="0.074" errors="0" timestamp="27 Jun 2024 12:21:18 GMT" skipped="0">
  <testcase classname="ex_250624.RA_MISC.Lab081" name="testPutRequest" time="0.004"/>
  <testcase classname="ex_250624.RA_MISC.Lab081" name="getAToken" time="0.063"/>
  <testcase classname="ex_250624.RA_MISC.Lab081" name="testDeleteRequest" time="0.003"/>
  <testcase classname="ex_250624.RA_MISC.Lab081" name="getBookingId" time="0.004"/>
</testsuite> <!-- ex_250624.RA_MISC.Lab081 -->
