<?xml version="1.0" encoding="UTF-8"?>
<!-- Generated by org.testng.reporters.JUnitReportReporter -->
<testsuite hostname="CWT-LPT-193" failures="0" tests="1" name="ex_220624.CRUD.GET.NonBDDStyle.Lab071" time="3.924" errors="0" timestamp="25 Jun 2024 07:53:36 GMT" skipped="0">
  <testcase classname="ex_220624.CRUD.GET.NonBDDStyle.Lab071" name="getRequestNonBDDStyle" time="3.924"/>
</testsuite> <!-- ex_220624.CRUD.GET.NonBDDStyle.Lab071 -->
