<?xml version="1.0" encoding="UTF-8"?>
<!-- Generated by org.testng.reporters.JUnitReportReporter -->
<testsuite hostname="CWT-LPT-193" failures="0" tests="3" name="ex_250624.RA_MISC.Lab084" time="0.070" errors="0" timestamp="29 Jun 2024 11:32:09 GMT" skipped="0">
  <testcase classname="ex_250624.RA_MISC.Lab084" name="testAuthToGetToken" time="0.003"/>
  <testcase classname="ex_250624.RA_MISC.Lab084" name="testAuthToGetToken" time="0.003"/>
  <testcase classname="ex_250624.RA_MISC.Lab084" name="testAuthToGetToken" time="0.064"/>
</testsuite> <!-- ex_250624.RA_MISC.Lab084 -->
